c:\users\qqw23\desktop\조별실습\조별실습\debug\vc142.pdb
c:\users\qqw23\desktop\조별실습\조별실습\debug\vc142.idb
c:\users\qqw23\desktop\조별실습\조별실습\debug\ui.obj
c:\users\qqw23\desktop\조별실습\조별실습\debug\start.obj
c:\users\qqw23\desktop\조별실습\조별실습\debug\selectdlg.obj
c:\users\qqw23\desktop\조별실습\조별실습\debug\insertdlg.obj
c:\users\qqw23\desktop\조별실습\조별실습\debug\handler.obj
c:\users\qqw23\desktop\조별실습\조별실습\debug\조별실습.ilk
c:\users\qqw23\desktop\조별실습\debug\조별실습.exe
c:\users\qqw23\desktop\조별실습\debug\조별실습.pdb
c:\users\qqw23\desktop\조별실습\조별실습\debug\조별실습1.res
c:\users\qqw23\desktop\조별실습\조별실습\debug\조별실습.tlog\cl.command.1.tlog
c:\users\qqw23\desktop\조별실습\조별실습\debug\조별실습.tlog\cl.read.1.tlog
c:\users\qqw23\desktop\조별실습\조별실습\debug\조별실습.tlog\cl.write.1.tlog
c:\users\qqw23\desktop\조별실습\조별실습\debug\조별실습.tlog\link.command.1.tlog
c:\users\qqw23\desktop\조별실습\조별실습\debug\조별실습.tlog\link.read.1.tlog
c:\users\qqw23\desktop\조별실습\조별실습\debug\조별실습.tlog\link.write.1.tlog
c:\users\qqw23\desktop\조별실습\조별실습\debug\조별실습.tlog\rc.command.1.tlog
c:\users\qqw23\desktop\조별실습\조별실습\debug\조별실습.tlog\rc.read.1.tlog
c:\users\qqw23\desktop\조별실습\조별실습\debug\조별실습.tlog\rc.write.1.tlog
